mode: set
github.com/CyrilSbrodov/passManager.git/server/internal/handlers/password.go:13.54,14.55 1 1
github.com/CyrilSbrodov/passManager.git/server/internal/handlers/password.go:14.55,17.17 2 1
github.com/CyrilSbrodov/passManager.git/server/internal/handlers/password.go:22.3,24.53 2 1
github.com/CyrilSbrodov/passManager.git/server/internal/handlers/password.go:30.3,35.21 4 1
github.com/CyrilSbrodov/passManager.git/server/internal/handlers/password.go:17.17,21.4 3 0
github.com/CyrilSbrodov/passManager.git/server/internal/handlers/password.go:24.53,28.4 3 0
github.com/CyrilSbrodov/passManager.git/server/internal/handlers/password.go:36.22,39.10 3 1
github.com/CyrilSbrodov/passManager.git/server/internal/handlers/password.go:40.39,44.10 4 1
github.com/CyrilSbrodov/passManager.git/server/internal/handlers/password.go:49.51,50.55 1 1
github.com/CyrilSbrodov/passManager.git/server/internal/handlers/password.go:50.55,55.21 3 1
github.com/CyrilSbrodov/passManager.git/server/internal/handlers/password.go:67.3,68.17 2 1
github.com/CyrilSbrodov/passManager.git/server/internal/handlers/password.go:74.3,75.18 2 1
github.com/CyrilSbrodov/passManager.git/server/internal/handlers/password.go:56.29,60.10 4 0
github.com/CyrilSbrodov/passManager.git/server/internal/handlers/password.go:61.39,65.10 4 1
github.com/CyrilSbrodov/passManager.git/server/internal/handlers/password.go:68.17,73.4 4 0
github.com/CyrilSbrodov/passManager.git/server/internal/handlers/password.go:79.53,80.55 1 1
github.com/CyrilSbrodov/passManager.git/server/internal/handlers/password.go:80.55,83.17 2 1
github.com/CyrilSbrodov/passManager.git/server/internal/handlers/password.go:88.3,90.56 2 1
github.com/CyrilSbrodov/passManager.git/server/internal/handlers/password.go:96.3,101.21 4 1
github.com/CyrilSbrodov/passManager.git/server/internal/handlers/password.go:83.17,87.4 3 0
github.com/CyrilSbrodov/passManager.git/server/internal/handlers/password.go:90.56,94.4 3 0
github.com/CyrilSbrodov/passManager.git/server/internal/handlers/password.go:102.22,105.10 3 1
github.com/CyrilSbrodov/passManager.git/server/internal/handlers/password.go:106.39,110.10 4 1
github.com/CyrilSbrodov/passManager.git/server/internal/handlers/password.go:115.53,116.55 1 1
github.com/CyrilSbrodov/passManager.git/server/internal/handlers/password.go:116.55,119.17 2 1
github.com/CyrilSbrodov/passManager.git/server/internal/handlers/password.go:124.3,126.53 2 1
github.com/CyrilSbrodov/passManager.git/server/internal/handlers/password.go:132.3,137.21 4 1
github.com/CyrilSbrodov/passManager.git/server/internal/handlers/password.go:119.17,123.4 3 0
github.com/CyrilSbrodov/passManager.git/server/internal/handlers/password.go:126.53,130.4 3 0
github.com/CyrilSbrodov/passManager.git/server/internal/handlers/password.go:138.22,141.10 3 1
github.com/CyrilSbrodov/passManager.git/server/internal/handlers/password.go:142.39,146.10 4 1
github.com/CyrilSbrodov/passManager.git/server/internal/handlers/text.go:13.50,14.55 1 1
github.com/CyrilSbrodov/passManager.git/server/internal/handlers/text.go:14.55,17.17 2 1
github.com/CyrilSbrodov/passManager.git/server/internal/handlers/text.go:22.3,24.53 2 1
github.com/CyrilSbrodov/passManager.git/server/internal/handlers/text.go:30.3,35.21 4 1
github.com/CyrilSbrodov/passManager.git/server/internal/handlers/text.go:17.17,21.4 3 0
github.com/CyrilSbrodov/passManager.git/server/internal/handlers/text.go:24.53,28.4 3 0
github.com/CyrilSbrodov/passManager.git/server/internal/handlers/text.go:36.22,39.10 3 1
github.com/CyrilSbrodov/passManager.git/server/internal/handlers/text.go:40.39,44.10 4 1
github.com/CyrilSbrodov/passManager.git/server/internal/handlers/text.go:49.46,50.55 1 1
github.com/CyrilSbrodov/passManager.git/server/internal/handlers/text.go:50.55,55.21 3 1
github.com/CyrilSbrodov/passManager.git/server/internal/handlers/text.go:67.3,68.17 2 1
github.com/CyrilSbrodov/passManager.git/server/internal/handlers/text.go:74.3,75.18 2 1
github.com/CyrilSbrodov/passManager.git/server/internal/handlers/text.go:56.29,60.10 4 0
github.com/CyrilSbrodov/passManager.git/server/internal/handlers/text.go:61.39,65.10 4 1
github.com/CyrilSbrodov/passManager.git/server/internal/handlers/text.go:68.17,73.4 4 0
github.com/CyrilSbrodov/passManager.git/server/internal/handlers/text.go:79.49,80.55 1 1
github.com/CyrilSbrodov/passManager.git/server/internal/handlers/text.go:80.55,83.17 2 1
github.com/CyrilSbrodov/passManager.git/server/internal/handlers/text.go:88.3,90.56 2 1
github.com/CyrilSbrodov/passManager.git/server/internal/handlers/text.go:96.3,101.21 4 1
github.com/CyrilSbrodov/passManager.git/server/internal/handlers/text.go:83.17,87.4 3 0
github.com/CyrilSbrodov/passManager.git/server/internal/handlers/text.go:90.56,94.4 3 0
github.com/CyrilSbrodov/passManager.git/server/internal/handlers/text.go:102.22,105.10 3 1
github.com/CyrilSbrodov/passManager.git/server/internal/handlers/text.go:106.39,110.10 4 1
github.com/CyrilSbrodov/passManager.git/server/internal/handlers/text.go:115.49,116.55 1 1
github.com/CyrilSbrodov/passManager.git/server/internal/handlers/text.go:116.55,119.17 2 1
github.com/CyrilSbrodov/passManager.git/server/internal/handlers/text.go:124.3,126.53 2 1
github.com/CyrilSbrodov/passManager.git/server/internal/handlers/text.go:132.3,137.21 4 1
github.com/CyrilSbrodov/passManager.git/server/internal/handlers/text.go:119.17,123.4 3 0
github.com/CyrilSbrodov/passManager.git/server/internal/handlers/text.go:126.53,130.4 3 0
github.com/CyrilSbrodov/passManager.git/server/internal/handlers/text.go:138.22,141.10 3 1
github.com/CyrilSbrodov/passManager.git/server/internal/handlers/text.go:142.39,146.10 4 1
github.com/CyrilSbrodov/passManager.git/server/internal/handlers/binary.go:13.52,14.55 1 1
github.com/CyrilSbrodov/passManager.git/server/internal/handlers/binary.go:14.55,17.17 2 1
github.com/CyrilSbrodov/passManager.git/server/internal/handlers/binary.go:22.3,24.53 2 1
github.com/CyrilSbrodov/passManager.git/server/internal/handlers/binary.go:30.3,35.21 4 1
github.com/CyrilSbrodov/passManager.git/server/internal/handlers/binary.go:17.17,21.4 3 0
github.com/CyrilSbrodov/passManager.git/server/internal/handlers/binary.go:24.53,28.4 3 0
github.com/CyrilSbrodov/passManager.git/server/internal/handlers/binary.go:36.22,39.10 3 1
github.com/CyrilSbrodov/passManager.git/server/internal/handlers/binary.go:40.39,44.10 4 1
github.com/CyrilSbrodov/passManager.git/server/internal/handlers/binary.go:49.48,50.55 1 1
github.com/CyrilSbrodov/passManager.git/server/internal/handlers/binary.go:50.55,55.21 3 1
github.com/CyrilSbrodov/passManager.git/server/internal/handlers/binary.go:67.3,68.17 2 1
github.com/CyrilSbrodov/passManager.git/server/internal/handlers/binary.go:74.3,75.18 2 1
github.com/CyrilSbrodov/passManager.git/server/internal/handlers/binary.go:56.29,60.10 4 0
github.com/CyrilSbrodov/passManager.git/server/internal/handlers/binary.go:61.39,65.10 4 1
github.com/CyrilSbrodov/passManager.git/server/internal/handlers/binary.go:68.17,73.4 4 0
github.com/CyrilSbrodov/passManager.git/server/internal/handlers/binary.go:79.51,80.55 1 1
github.com/CyrilSbrodov/passManager.git/server/internal/handlers/binary.go:80.55,83.17 2 1
github.com/CyrilSbrodov/passManager.git/server/internal/handlers/binary.go:88.3,90.56 2 1
github.com/CyrilSbrodov/passManager.git/server/internal/handlers/binary.go:96.3,101.21 4 1
github.com/CyrilSbrodov/passManager.git/server/internal/handlers/binary.go:83.17,87.4 3 0
github.com/CyrilSbrodov/passManager.git/server/internal/handlers/binary.go:90.56,94.4 3 0
github.com/CyrilSbrodov/passManager.git/server/internal/handlers/binary.go:102.22,105.10 3 1
github.com/CyrilSbrodov/passManager.git/server/internal/handlers/binary.go:106.39,110.10 4 1
github.com/CyrilSbrodov/passManager.git/server/internal/handlers/binary.go:115.51,116.55 1 1
github.com/CyrilSbrodov/passManager.git/server/internal/handlers/binary.go:116.55,119.17 2 1
github.com/CyrilSbrodov/passManager.git/server/internal/handlers/binary.go:124.3,126.53 2 1
github.com/CyrilSbrodov/passManager.git/server/internal/handlers/binary.go:132.3,137.21 4 1
github.com/CyrilSbrodov/passManager.git/server/internal/handlers/binary.go:119.17,123.4 3 0
github.com/CyrilSbrodov/passManager.git/server/internal/handlers/binary.go:126.53,130.4 3 0
github.com/CyrilSbrodov/passManager.git/server/internal/handlers/binary.go:138.22,141.10 3 1
github.com/CyrilSbrodov/passManager.git/server/internal/handlers/binary.go:142.39,146.10 4 1
github.com/CyrilSbrodov/passManager.git/server/internal/handlers/cards.go:13.51,14.55 1 1
github.com/CyrilSbrodov/passManager.git/server/internal/handlers/cards.go:14.55,16.17 2 1
github.com/CyrilSbrodov/passManager.git/server/internal/handlers/cards.go:21.3,23.53 2 1
github.com/CyrilSbrodov/passManager.git/server/internal/handlers/cards.go:29.3,34.21 4 1
github.com/CyrilSbrodov/passManager.git/server/internal/handlers/cards.go:16.17,20.4 3 0
github.com/CyrilSbrodov/passManager.git/server/internal/handlers/cards.go:23.53,27.4 3 0
github.com/CyrilSbrodov/passManager.git/server/internal/handlers/cards.go:35.22,38.10 3 1
github.com/CyrilSbrodov/passManager.git/server/internal/handlers/cards.go:39.39,43.10 4 1
github.com/CyrilSbrodov/passManager.git/server/internal/handlers/cards.go:48.47,49.55 1 1
github.com/CyrilSbrodov/passManager.git/server/internal/handlers/cards.go:49.55,54.21 3 1
github.com/CyrilSbrodov/passManager.git/server/internal/handlers/cards.go:66.3,67.17 2 1
github.com/CyrilSbrodov/passManager.git/server/internal/handlers/cards.go:73.3,74.18 2 1
github.com/CyrilSbrodov/passManager.git/server/internal/handlers/cards.go:55.29,59.10 4 0
github.com/CyrilSbrodov/passManager.git/server/internal/handlers/cards.go:60.39,64.10 4 1
github.com/CyrilSbrodov/passManager.git/server/internal/handlers/cards.go:67.17,72.4 4 0
github.com/CyrilSbrodov/passManager.git/server/internal/handlers/cards.go:78.50,79.55 1 1
github.com/CyrilSbrodov/passManager.git/server/internal/handlers/cards.go:79.55,82.17 2 1
github.com/CyrilSbrodov/passManager.git/server/internal/handlers/cards.go:87.3,89.56 2 1
github.com/CyrilSbrodov/passManager.git/server/internal/handlers/cards.go:95.3,100.21 4 1
github.com/CyrilSbrodov/passManager.git/server/internal/handlers/cards.go:82.17,86.4 3 0
github.com/CyrilSbrodov/passManager.git/server/internal/handlers/cards.go:89.56,93.4 3 0
github.com/CyrilSbrodov/passManager.git/server/internal/handlers/cards.go:101.22,104.10 3 1
github.com/CyrilSbrodov/passManager.git/server/internal/handlers/cards.go:105.39,109.10 4 1
github.com/CyrilSbrodov/passManager.git/server/internal/handlers/cards.go:114.50,115.55 1 1
github.com/CyrilSbrodov/passManager.git/server/internal/handlers/cards.go:115.55,118.17 2 1
github.com/CyrilSbrodov/passManager.git/server/internal/handlers/cards.go:123.3,125.53 2 1
github.com/CyrilSbrodov/passManager.git/server/internal/handlers/cards.go:131.3,136.21 4 1
github.com/CyrilSbrodov/passManager.git/server/internal/handlers/cards.go:118.17,122.4 3 0
github.com/CyrilSbrodov/passManager.git/server/internal/handlers/cards.go:125.53,129.4 3 0
github.com/CyrilSbrodov/passManager.git/server/internal/handlers/cards.go:137.22,140.10 3 1
github.com/CyrilSbrodov/passManager.git/server/internal/handlers/cards.go:141.39,145.10 4 1
github.com/CyrilSbrodov/passManager.git/server/internal/handlers/handler.go:37.113,44.2 1 0
github.com/CyrilSbrodov/passManager.git/server/internal/handlers/handler.go:47.40,50.29 3 0
github.com/CyrilSbrodov/passManager.git/server/internal/handlers/handler.go:54.2,54.29 1 0
github.com/CyrilSbrodov/passManager.git/server/internal/handlers/handler.go:50.29,53.3 2 0
github.com/CyrilSbrodov/passManager.git/server/internal/handlers/handler.go:54.29,75.3 17 0
github.com/CyrilSbrodov/passManager.git/server/internal/handlers/handler.go:79.51,80.55 1 1
github.com/CyrilSbrodov/passManager.git/server/internal/handlers/handler.go:80.55,83.17 3 1
github.com/CyrilSbrodov/passManager.git/server/internal/handlers/handler.go:88.3,89.53 2 1
github.com/CyrilSbrodov/passManager.git/server/internal/handlers/handler.go:94.3,94.40 1 1
github.com/CyrilSbrodov/passManager.git/server/internal/handlers/handler.go:100.3,101.17 2 1
github.com/CyrilSbrodov/passManager.git/server/internal/handlers/handler.go:108.3,109.17 2 1
github.com/CyrilSbrodov/passManager.git/server/internal/handlers/handler.go:115.3,120.17 5 1
github.com/CyrilSbrodov/passManager.git/server/internal/handlers/handler.go:124.3,126.17 3 1
github.com/CyrilSbrodov/passManager.git/server/internal/handlers/handler.go:83.17,87.4 3 0
github.com/CyrilSbrodov/passManager.git/server/internal/handlers/handler.go:89.53,93.4 3 0
github.com/CyrilSbrodov/passManager.git/server/internal/handlers/handler.go:94.40,99.4 4 0
github.com/CyrilSbrodov/passManager.git/server/internal/handlers/handler.go:101.17,107.4 5 1
github.com/CyrilSbrodov/passManager.git/server/internal/handlers/handler.go:109.17,114.4 4 0
github.com/CyrilSbrodov/passManager.git/server/internal/handlers/handler.go:120.17,123.4 2 0
github.com/CyrilSbrodov/passManager.git/server/internal/handlers/handler.go:131.44,132.55 1 1
github.com/CyrilSbrodov/passManager.git/server/internal/handlers/handler.go:132.55,135.17 3 1
github.com/CyrilSbrodov/passManager.git/server/internal/handlers/handler.go:140.3,142.53 2 1
github.com/CyrilSbrodov/passManager.git/server/internal/handlers/handler.go:148.3,148.40 1 1
github.com/CyrilSbrodov/passManager.git/server/internal/handlers/handler.go:155.3,156.17 2 1
github.com/CyrilSbrodov/passManager.git/server/internal/handlers/handler.go:162.3,163.17 2 1
github.com/CyrilSbrodov/passManager.git/server/internal/handlers/handler.go:170.3,175.17 5 1
github.com/CyrilSbrodov/passManager.git/server/internal/handlers/handler.go:180.3,182.17 3 1
github.com/CyrilSbrodov/passManager.git/server/internal/handlers/handler.go:135.17,139.4 3 0
github.com/CyrilSbrodov/passManager.git/server/internal/handlers/handler.go:142.53,146.4 3 0
github.com/CyrilSbrodov/passManager.git/server/internal/handlers/handler.go:148.40,153.4 4 0
github.com/CyrilSbrodov/passManager.git/server/internal/handlers/handler.go:156.17,161.4 4 1
github.com/CyrilSbrodov/passManager.git/server/internal/handlers/handler.go:163.17,168.4 4 0
github.com/CyrilSbrodov/passManager.git/server/internal/handlers/handler.go:175.17,178.4 2 0
github.com/CyrilSbrodov/passManager.git/server/internal/handlers/middleware.go:18.64,19.72 1 0
github.com/CyrilSbrodov/passManager.git/server/internal/handlers/middleware.go:19.72,23.19 3 0
github.com/CyrilSbrodov/passManager.git/server/internal/handlers/middleware.go:28.3,29.28 2 0
github.com/CyrilSbrodov/passManager.git/server/internal/handlers/middleware.go:34.3,35.17 2 0
github.com/CyrilSbrodov/passManager.git/server/internal/handlers/middleware.go:40.3,42.24 2 0
github.com/CyrilSbrodov/passManager.git/server/internal/handlers/middleware.go:23.19,27.4 3 0
github.com/CyrilSbrodov/passManager.git/server/internal/handlers/middleware.go:29.28,33.4 3 0
github.com/CyrilSbrodov/passManager.git/server/internal/handlers/middleware.go:35.17,39.4 3 0
github.com/CyrilSbrodov/passManager.git/server/internal/storage/repositories/postgres.go:30.93,32.16 2 1
github.com/CyrilSbrodov/passManager.git/server/internal/storage/repositories/postgres.go:36.2,75.16 4 1
github.com/CyrilSbrodov/passManager.git/server/internal/storage/repositories/postgres.go:79.2,79.23 1 1
github.com/CyrilSbrodov/passManager.git/server/internal/storage/repositories/postgres.go:32.16,35.3 2 0
github.com/CyrilSbrodov/passManager.git/server/internal/storage/repositories/postgres.go:75.16,78.3 2 0
github.com/CyrilSbrodov/passManager.git/server/internal/storage/repositories/postgres.go:83.99,86.57 3 1
github.com/CyrilSbrodov/passManager.git/server/internal/storage/repositories/postgres.go:90.2,92.8 1 1
github.com/CyrilSbrodov/passManager.git/server/internal/storage/repositories/postgres.go:86.57,89.3 2 0
github.com/CyrilSbrodov/passManager.git/server/internal/storage/repositories/postgres.go:95.58,101.103 3 1
github.com/CyrilSbrodov/passManager.git/server/internal/storage/repositories/postgres.go:105.2,105.19 1 1
github.com/CyrilSbrodov/passManager.git/server/internal/storage/repositories/postgres.go:101.103,104.3 2 1
github.com/CyrilSbrodov/passManager.git/server/internal/storage/repositories/postgres.go:108.55,114.100 4 1
github.com/CyrilSbrodov/passManager.git/server/internal/storage/repositories/postgres.go:124.2,124.30 1 1
github.com/CyrilSbrodov/passManager.git/server/internal/storage/repositories/postgres.go:127.2,127.19 1 1
github.com/CyrilSbrodov/passManager.git/server/internal/storage/repositories/postgres.go:114.100,115.36 1 1
github.com/CyrilSbrodov/passManager.git/server/internal/storage/repositories/postgres.go:119.3,121.51 3 0
github.com/CyrilSbrodov/passManager.git/server/internal/storage/repositories/postgres.go:115.36,118.4 2 1
github.com/CyrilSbrodov/passManager.git/server/internal/storage/repositories/postgres.go:124.30,126.3 1 1
github.com/CyrilSbrodov/passManager.git/server/internal/storage/repositories/postgres.go:130.83,132.87 2 1
github.com/CyrilSbrodov/passManager.git/server/internal/storage/repositories/postgres.go:137.2,137.17 1 1
github.com/CyrilSbrodov/passManager.git/server/internal/storage/repositories/postgres.go:132.87,135.3 2 0
github.com/CyrilSbrodov/passManager.git/server/internal/storage/repositories/postgres.go:140.75,142.95 2 1
github.com/CyrilSbrodov/passManager.git/server/internal/storage/repositories/postgres.go:147.2,147.17 1 1
github.com/CyrilSbrodov/passManager.git/server/internal/storage/repositories/postgres.go:142.95,145.3 2 0
github.com/CyrilSbrodov/passManager.git/server/internal/storage/repositories/postgres.go:150.79,152.78 2 1
github.com/CyrilSbrodov/passManager.git/server/internal/storage/repositories/postgres.go:158.2,158.17 1 1
github.com/CyrilSbrodov/passManager.git/server/internal/storage/repositories/postgres.go:152.78,156.3 3 0
github.com/CyrilSbrodov/passManager.git/server/internal/storage/repositories/postgres.go:161.83,163.78 2 1
github.com/CyrilSbrodov/passManager.git/server/internal/storage/repositories/postgres.go:169.2,169.17 1 1
github.com/CyrilSbrodov/passManager.git/server/internal/storage/repositories/postgres.go:163.78,167.3 3 0
github.com/CyrilSbrodov/passManager.git/server/internal/storage/repositories/postgres.go:172.71,177.16 4 1
github.com/CyrilSbrodov/passManager.git/server/internal/storage/repositories/postgres.go:186.2,186.18 1 1
github.com/CyrilSbrodov/passManager.git/server/internal/storage/repositories/postgres.go:197.2,197.23 1 1
github.com/CyrilSbrodov/passManager.git/server/internal/storage/repositories/postgres.go:177.16,178.36 1 0
github.com/CyrilSbrodov/passManager.git/server/internal/storage/repositories/postgres.go:182.3,183.24 2 0
github.com/CyrilSbrodov/passManager.git/server/internal/storage/repositories/postgres.go:178.36,181.4 2 0
github.com/CyrilSbrodov/passManager.git/server/internal/storage/repositories/postgres.go:186.18,190.41 3 1
github.com/CyrilSbrodov/passManager.git/server/internal/storage/repositories/postgres.go:194.3,194.25 1 1
github.com/CyrilSbrodov/passManager.git/server/internal/storage/repositories/postgres.go:190.41,193.4 2 0
github.com/CyrilSbrodov/passManager.git/server/internal/storage/repositories/postgres.go:200.78,205.16 4 1
github.com/CyrilSbrodov/passManager.git/server/internal/storage/repositories/postgres.go:215.2,215.18 1 1
github.com/CyrilSbrodov/passManager.git/server/internal/storage/repositories/postgres.go:226.2,226.23 1 1
github.com/CyrilSbrodov/passManager.git/server/internal/storage/repositories/postgres.go:205.16,207.36 2 0
github.com/CyrilSbrodov/passManager.git/server/internal/storage/repositories/postgres.go:211.3,212.24 2 0
github.com/CyrilSbrodov/passManager.git/server/internal/storage/repositories/postgres.go:207.36,210.4 2 0
github.com/CyrilSbrodov/passManager.git/server/internal/storage/repositories/postgres.go:215.18,219.41 3 1
github.com/CyrilSbrodov/passManager.git/server/internal/storage/repositories/postgres.go:223.3,223.25 1 1
github.com/CyrilSbrodov/passManager.git/server/internal/storage/repositories/postgres.go:219.41,222.4 2 0
github.com/CyrilSbrodov/passManager.git/server/internal/storage/repositories/postgres.go:229.74,234.16 4 1
github.com/CyrilSbrodov/passManager.git/server/internal/storage/repositories/postgres.go:244.2,244.18 1 1
github.com/CyrilSbrodov/passManager.git/server/internal/storage/repositories/postgres.go:255.2,255.23 1 1
github.com/CyrilSbrodov/passManager.git/server/internal/storage/repositories/postgres.go:234.16,236.36 2 0
github.com/CyrilSbrodov/passManager.git/server/internal/storage/repositories/postgres.go:240.3,241.24 2 0
github.com/CyrilSbrodov/passManager.git/server/internal/storage/repositories/postgres.go:236.36,239.4 2 0
github.com/CyrilSbrodov/passManager.git/server/internal/storage/repositories/postgres.go:244.18,248.41 3 1
github.com/CyrilSbrodov/passManager.git/server/internal/storage/repositories/postgres.go:252.3,252.25 1 1
github.com/CyrilSbrodov/passManager.git/server/internal/storage/repositories/postgres.go:248.41,251.4 2 0
github.com/CyrilSbrodov/passManager.git/server/internal/storage/repositories/postgres.go:258.78,263.16 4 1
github.com/CyrilSbrodov/passManager.git/server/internal/storage/repositories/postgres.go:272.2,272.18 1 1
github.com/CyrilSbrodov/passManager.git/server/internal/storage/repositories/postgres.go:283.2,283.23 1 1
github.com/CyrilSbrodov/passManager.git/server/internal/storage/repositories/postgres.go:263.16,264.36 1 0
github.com/CyrilSbrodov/passManager.git/server/internal/storage/repositories/postgres.go:268.3,269.24 2 0
github.com/CyrilSbrodov/passManager.git/server/internal/storage/repositories/postgres.go:264.36,267.4 2 0
github.com/CyrilSbrodov/passManager.git/server/internal/storage/repositories/postgres.go:272.18,276.41 3 1
github.com/CyrilSbrodov/passManager.git/server/internal/storage/repositories/postgres.go:280.3,280.25 1 1
github.com/CyrilSbrodov/passManager.git/server/internal/storage/repositories/postgres.go:276.41,279.4 2 0
github.com/CyrilSbrodov/passManager.git/server/internal/storage/repositories/postgres.go:286.50,290.2 3 1
github.com/CyrilSbrodov/passManager.git/server/internal/storage/repositories/postgres.go:292.77,294.80 2 1
github.com/CyrilSbrodov/passManager.git/server/internal/storage/repositories/postgres.go:298.2,298.17 1 1
github.com/CyrilSbrodov/passManager.git/server/internal/storage/repositories/postgres.go:294.80,297.3 2 0
github.com/CyrilSbrodov/passManager.git/server/internal/storage/repositories/postgres.go:301.81,303.80 2 1
github.com/CyrilSbrodov/passManager.git/server/internal/storage/repositories/postgres.go:307.2,307.17 1 1
github.com/CyrilSbrodov/passManager.git/server/internal/storage/repositories/postgres.go:303.80,306.3 2 0
github.com/CyrilSbrodov/passManager.git/server/internal/storage/repositories/postgres.go:310.85,312.80 2 1
github.com/CyrilSbrodov/passManager.git/server/internal/storage/repositories/postgres.go:316.2,316.17 1 1
github.com/CyrilSbrodov/passManager.git/server/internal/storage/repositories/postgres.go:312.80,315.3 2 0
github.com/CyrilSbrodov/passManager.git/server/internal/storage/repositories/postgres.go:319.85,321.80 2 1
github.com/CyrilSbrodov/passManager.git/server/internal/storage/repositories/postgres.go:325.2,325.17 1 1
github.com/CyrilSbrodov/passManager.git/server/internal/storage/repositories/postgres.go:321.80,324.3 2 0
github.com/CyrilSbrodov/passManager.git/server/internal/storage/repositories/postgres.go:328.77,330.114 2 1
github.com/CyrilSbrodov/passManager.git/server/internal/storage/repositories/postgres.go:335.2,335.17 1 1
github.com/CyrilSbrodov/passManager.git/server/internal/storage/repositories/postgres.go:330.114,334.3 3 0
github.com/CyrilSbrodov/passManager.git/server/internal/storage/repositories/postgres.go:338.85,340.103 2 1
github.com/CyrilSbrodov/passManager.git/server/internal/storage/repositories/postgres.go:345.2,345.17 1 1
github.com/CyrilSbrodov/passManager.git/server/internal/storage/repositories/postgres.go:340.103,344.3 3 0
github.com/CyrilSbrodov/passManager.git/server/internal/storage/repositories/postgres.go:348.81,350.91 2 1
github.com/CyrilSbrodov/passManager.git/server/internal/storage/repositories/postgres.go:355.2,355.17 1 1
github.com/CyrilSbrodov/passManager.git/server/internal/storage/repositories/postgres.go:350.91,354.3 3 0
github.com/CyrilSbrodov/passManager.git/server/internal/storage/repositories/postgres.go:358.85,360.91 2 1
github.com/CyrilSbrodov/passManager.git/server/internal/storage/repositories/postgres.go:365.2,365.17 1 1
github.com/CyrilSbrodov/passManager.git/server/internal/storage/repositories/postgres.go:360.91,364.3 3 0
github.com/CyrilSbrodov/passManager.git/server/internal/storage/repositories/testing.go:14.77,20.16 5 1
github.com/CyrilSbrodov/passManager.git/server/internal/storage/repositories/testing.go:23.2,24.16 2 1
github.com/CyrilSbrodov/passManager.git/server/internal/storage/repositories/testing.go:28.2,28.35 1 1
github.com/CyrilSbrodov/passManager.git/server/internal/storage/repositories/testing.go:20.16,22.3 1 0
github.com/CyrilSbrodov/passManager.git/server/internal/storage/repositories/testing.go:24.16,26.3 1 0
github.com/CyrilSbrodov/passManager.git/server/internal/storage/repositories/testing.go:28.35,29.22 1 1
github.com/CyrilSbrodov/passManager.git/server/internal/storage/repositories/testing.go:29.22,36.18 4 1
github.com/CyrilSbrodov/passManager.git/server/internal/storage/repositories/testing.go:36.18,38.5 1 0
